         w __deregister_frame_info
         w __register_frame_info
         w userAppExit
         w userAppInit
00000000 00000802 B __ctru_dev_utf16_buf
00000000 A __sync_synchronize
00000000 b _TLS_MODULE_BASE_
00000000 a shift
00000000 a shift
00000804 00000401 B __ctru_dev_path_buf
00100000 A __start__
00100000 T _start
00100008 T __service_ptr
0010000c T __apt_appid
00100010 T __heap_size
00100014 T __linear_heap_size
00100018 T __system_arglist
0010001c T __system_runflags
00100020 t startup
00100058 t ClearMem
0010006c t ClrLoop
00100094 T _init
001000ac t .udivsi3_skip_div0_test
001000ac T __aeabi_uidiv
001000ac 000001ec T __udivsi3
00100298 00000020 T __aeabi_uidivmod
001002b8 T __aeabi_idiv
001002b8 00000220 T __divsi3
001002c0 t .divsi3_skip_div0_test
001004d8 00000020 T __aeabi_idivmod
001004f8 00000004 W __aeabi_idiv0
001004f8 00000004 W __aeabi_ldiv0
001004fc T __aeabi_drsub
00100504 000002b0 T __aeabi_dsub
00100504 000002b0 T __subdf3
00100508 000002ac T __adddf3
00100508 000002ac T __aeabi_dadd
001007b4 00000024 T __aeabi_ui2d
001007b4 00000024 T __floatunsidf
001007d8 00000028 T __aeabi_i2d
001007d8 00000028 T __floatsidf
00100800 00000048 T __aeabi_f2d
00100800 00000048 T __extendsfdf2
00100848 00000074 T __aeabi_ul2d
00100848 00000074 T __floatundidf
0010085c 00000060 T __aeabi_l2d
0010085c 00000060 T __floatdidf
001008bc T __aeabi_ldivmod
00100990 T __aeabi_uldivmod
001009e8 00000390 T strcmp
00100d70 t __do_global_dtors_aux
00100dc0 t frame_dummy
00100dec 00000070 t parse_hex4
00100e5c 000003a4 t parse_string
00101200 0000006c t buffer_skip_whitespace
0010126c 000000e4 t get_object_item
00101350 000000ac T cJSON_Delete
00101400 00000568 t parse_value
00101968 000001dc T cJSON_ParseWithLengthOpts
00101b44 0000002c T cJSON_Parse
00101b70 00000008 T cJSON_GetObjectItem
00101b78 00000008 T cJSON_GetObjectItemCaseSensitive
00101b80 000000a0 T cJSON_CreateString
00101c20 00000018 T cJSON_IsString
00101c38 00000018 T cJSON_IsArray
00101c50 0000001c T gamepad_button_check_pressed
00101c6c 0000001c T gamepad_button_check
00101c88 0000001c T gamepad_button_check_released
00101ca4 000000e8 t input_convertstring
00101d8c 000007c4 t runner_apply_xy_code
00102550 00000010 T GML_SetRoot
00102560 000000ac T RunGML_create
0010260c 00000094 T RunGML_step
001026a0 000000f4 T RunGML
00102794 00000090 t GetSpriteNumberByName
00102824 00000130 t GetCurrentRoomSize
00102954 00000040 t GetFirstRoomName
00102994 00000030 T runner_sprite_is_object
001029c4 000009b0 T main
00103374 00000044 t C2Di_FrameEndHook
001033b8 0000036c T C2D_Init
00103724 0000004c T C2D_Fini
00103770 000000b8 T C2D_Prepare
00103828 00000048 T C2D_Flush
00103870 00000104 T C2D_SceneSize
00103974 00000058 T C2D_ViewReset
001039cc 0000003c T C2D_ViewTranslate
00103a08 00000038 T C2D_ViewScale
00103a40 00000058 T C2D_CreateScreenTarget
00103a98 00000064 T C2D_TargetClear
00103afc 0000013c T C2Di_CalcQuad
00103c38 00000058 T C2Di_AppendQuad
00103c90 00000550 T C2Di_Update
001041e0 000002b0 T C2D_DrawImage
00104490 0000006c T C2D_SpriteSheetLoadFromHandle
001044fc 00000048 T C2D_SpriteSheetLoad
00104544 00000028 T C2D_SpriteSheetFree
0010456c 0000002c T C2D_SpriteSheetGetImage
00104598 00000028 T AttrInfo_Init
001045c0 00000094 T AttrInfo_AddLoader
00104654 00000054 T C3D_SetAttrInfo
001046a8 00000080 T C3Di_AttrInfoBind
00104728 00000004 W C3Di_LightEnvUpdate
0010472c 00000004 W C3Di_LightEnvDirty
00104730 000000b4 t C3Di_AptEventHook
001047e4 00000004 W C3Di_GasUpdate
001047e8 000001d0 T C3D_Init
001049b8 00000098 T C3D_SetViewport
00104a50 000004e8 T C3Di_UpdateContext
00104f38 000000e0 T C3Di_SplitFrame
00105018 00000044 T C3D_Fini
0010505c 00000194 T C3D_BindProgram
001051f0 00000024 T BufInfo_Init
00105214 00000080 T BufInfo_Add
00105294 0000003c T C3D_SetBufInfo
001052d0 00000048 T C3Di_BufInfoBind
00105318 0000021c T C3D_DrawElements
00105534 00000040 T C3D_DepthMap
00105574 0000001c T C3D_CullFace
00105590 00000040 T C3D_StencilTest
001055d0 00000024 T C3D_StencilOp
001055f4 0000001c T C3D_BlendingColor
00105610 00000024 T C3D_EarlyDepthTest
00105634 0000002c T C3D_DepthTest
00105660 0000002c T C3D_AlphaTest
0010568c 00000050 T C3D_AlphaBlend
001056dc 00000030 T C3D_FragOpMode
0010570c 00000044 T C3D_FragOpShadow
00105750 000001ac T C3Di_EffectBind
001058fc 0000001c T C3D_CalcColorBufSize
00105918 0000001c T C3D_CalcDepthBufSize
00105934 00000044 T C3D_SetFrameBuf
00105978 0000016c T C3Di_FrameBufBind
00105ae4 000000c8 T C3D_FrameBufClear
00105bac 00000044 T C3D_FrameBufTransfer
00105bf0 000000a8 T C3D_ImmSendAttrib
00105c98 00000070 T C3D_ProcTexInit
00105d08 00000054 T C3D_ProcTexBind
00105d5c 0000005c T C3D_ProcTexLutBind
00105db8 000000a4 T ProcTexLut_FromArray
00105e5c 00000178 T C3Di_ProcTexUpdate
00105fd4 00000068 T C3Di_ProcTexDirty
0010603c 0000004c t onVBlank0
00106088 0000004c t onVBlank1
001060d4 00000080 t C3Di_RenderTargetDestroy
00106154 000000f4 t onQueueFinish
00106248 00000038 T C3Di_RenderQueueEnableVBlank
00106280 00000030 T C3Di_RenderQueueDisableVBlank
001062b0 00000060 T C3Di_RenderQueueInit
00106310 000000b4 T C3Di_RenderQueueExit
001063c4 00000034 T C3Di_RenderQueueWaitDone
001063f8 000000e8 T C3D_FrameBegin
001064e0 00000048 T C3D_FrameDrawOn
00106528 00000058 T C3D_FrameSplit
00106580 000001d0 T C3D_FrameEnd
00106750 0000001c T C3D_FrameEndHook
0010676c 00000170 T C3D_RenderTargetCreate
001068dc 000000a8 T C3D_RenderTargetSetOutput
00106984 000000fc T C3D_SyncTextureCopy
00106a80 000003d8 t Tex3DSi_ImportCommon
00106e58 00000038 T Tex3DS_TextureImportStdio
00106e90 0000001c T Tex3DS_GetSubTexture
00106eac 00000004 T Tex3DS_TextureFree
00106eb0 00000034 T C3D_GetTexEnv
00106ee4 00000024 T C3Di_TexEnvBind
00106f08 00000290 T C3D_TexInitWithParams
00107198 000000c8 T C3D_TexLoadImage
00107260 00000044 T C3D_TexBind
001072a4 00000074 T C3D_TexDelete
00107318 0000014c T C3Di_SetTex
00107464 00000290 T C3D_UpdateUniforms
001076f4 000000c0 T C3Di_DirtyUniforms
001077b4 000000d8 T C3Di_LoadShaderUniforms
0010788c 00000028 T C3Di_ClearShaderUniforms
001078b4 000000cc T Mtx_Ortho
00107980 000000cc T Mtx_OrthoTilt
00107a4c 00000038 T Mtx_Scale
00107a84 000000a4 T Mtx_Translate
00107b28 00000024 t addrMapNodeComparator(rbtree_node const*, rbtree_node const*)
00107b4c 00000004 t addrMapNodeDestructor(rbtree_node*)
00107b50 0000012c T linearMemAlign
00107c7c 00000008 T linearAlloc
00107c84 0000005c T linearFree
00107ce0 00000088 T MemPool::CoalesceRight(MemBlock*)
00107d68 00000178 T MemPool::Allocate(MemChunk&, unsigned long, int)
00107ee0 00000118 T MemPool::Deallocate(MemChunk const&)
00107ff8 00000030 T MemPool::GetFreeSpace()
00108028 00000024 t addrMapNodeComparator(rbtree_node const*, rbtree_node const*)
0010804c 00000004 t addrMapNodeDestructor(rbtree_node*)
00108050 00000248 T vramMemAlignAt
00108298 0000000c T vramAlloc
001082a4 0000000c T vramAllocAt
001082b0 00000094 T vramFree
00108344 000001c8 T consoleDrawChar
0010850c 00000170 T consolePrintChar
0010867c 00000c40 T con_write
001092bc 00000110 t newRow
001093cc 00000180 T consoleInit
0010954c 000000cc t gfxPresentFramebuffer
00109618 0000001c T gfxIsWide
00109634 000000f8 T gfxSetScreenFormat
0010972c 00000010 T gfxSetDoubleBuffering
0010973c 000000d8 T gfxInit
00109814 00000010 T gfxInitDefault
00109824 000000b8 T gfxExit
001098dc 000000a0 T gfxGetFramebuffer
0010997c 00000100 T gfxFlushBuffers
00109a7c 00000028 T gfxScreenSwapBuffers
00109aa4 00000050 T gfxSwapBuffersGpu
00109af4 00000074 T osConvertVirtToPhys
00109b68 00000054 T osGetTimeRef
00109bbc 000000ec T osGetTime
00109ca8 00000034 T __ctru_speedup_config
00109cdc 00000008 t romfs_close
00109ce4 000000ac t romfs_seek
00109d90 00000024 t romfs_dirreset
00109db4 000000c0 t fill_dir
00109e74 000002ac t romfs_dirnext
0010a120 00000074 t romfs_free
0010a194 000000d0 t searchForFile.constprop.0
0010a264 000000d4 t searchForDir.constprop.0
0010a338 000001c0 t navigateToDir.constprop.0
0010a4f8 00000114 t romfs_open
0010a60c 0000004c t romfs_chdir
0010a658 00000068 t romfs_diropen
0010a6c0 00000178 t romfs_stat
0010a838 00000008 t romfs_dirclose
0010a840 0000007c t romfs_fstat
0010a8bc 000000d0 t romfs_read
0010a98c 0000028c T romfsMountFromFile
0010ac18 00000098 T romfsMountFromCurrentProcess
0010acb0 00000258 T romfsMountSelf
0010af08 000000a0 T romfsUnmount
0010afa8 0000013c T GPUCMD_Add
0010b0e4 000000b0 T GPUCMD_Split
0010b194 00000034 T f32tof16
0010b1c8 00000034 T f32tof24
0010b1fc 00000038 T f32tof31
0010b234 00000010 T GX_BindQueue
0010b244 0000007c T GX_ProcessCommandList
0010b2c0 00000074 T GX_MemoryFill
0010b334 00000074 T GX_DisplayTransfer
0010b3a8 00000078 T GX_TextureCopy
0010b420 00000064 t gxCmdQueueDoCommands.part.0
0010b484 000000e4 T gxCmdQueueInterrupt
0010b568 00000068 T gxCmdQueueClear
0010b5d0 00000108 T gxCmdQueueAdd
0010b6d8 00000080 T gxCmdQueueRun
0010b758 00000064 T gxCmdQueueStop
0010b7bc 0000008c T gxCmdQueueWait
0010b848 000001e0 T shaderInstanceInit
0010ba28 00000018 T shaderInstanceGetUniformLocation
0010ba40 0000001c T shaderProgramInit
0010ba5c 00000074 T shaderProgramFree
0010bad0 00000094 T shaderProgramSetVsh
0010bb64 000008d0 T shaderProgramConfigure
0010c434 000001dc t DVLE_GenerateOutmap.part.0
0010c610 000001ac T DVLB_ParseFile
0010c7bc 00000050 T DVLB_Free
0010c80c 00000074 T DVLE_GetUniformRegister
0010c880 00000180 t aptConvertScreenForCapture
0010ca00 00000008 W aptDspSleep
0010ca08 00000004 W aptDspWakeup
0010ca0c 00000004 W aptDspCancel
0010ca10 00000138 T aptSendCommand
0010cb48 00000044 t aptExitProcess
0010cb8c 00000394 T aptExit
0010cf20 000000d8 T aptHandleSleep
0010cff8 00000034 T aptHook
0010d02c 00000030 T aptUnhook
0010d05c 00000084 T APT_SleepIfShellClosed
0010d0e0 00000078 T aptSetSleepAllowed
0010d158 00000084 T APT_UnlockTransition
0010d1e0 00000470 t aptEventHandler
0010d650 000000bc T APT_ReceiveParameter
0010d70c 000000b0 t aptReceiveParameter.constprop.0
0010d7c0 00000294 t aptScreenTransfer
0010da54 000002d0 t aptWaitForWakeUp.isra.0
0010dd24 000000f4 T aptJumpToHomeMenu
0010de18 00000058 T aptMainLoop
0010de70 00000240 T aptInit
0010e0b0 00000090 T APT_CheckNew3DS
0010e140 00000104 T fsInit
0010e244 0000003c T fsExit
0010e280 00000068 T fsExemptFromSession
0010e2e8 00000050 T fsUnexemptFromSession
0010e338 000000cc T FSUSER_OpenFile
0010e404 000000cc T FSUSER_OpenFileDirectly
0010e4d0 000000b8 T FSUSER_DeleteFile
0010e588 000000f4 T FSUSER_RenameFile
0010e67c 000000b8 T FSUSER_DeleteDirectory
0010e734 000000d0 T FSUSER_CreateFile
0010e804 000000c0 T FSUSER_CreateDirectory
0010e8c4 000000f4 T FSUSER_RenameDirectory
0010e9b8 000000b4 T FSUSER_OpenDirectory
0010ea6c 00000090 T FSUSER_OpenArchive
0010eafc 0000008c T FSUSER_CloseArchive
0010eb88 00000074 T FSUSER_GetSdmcArchiveResource
0010ebfc 00000064 T FSUSER_IsSdmcWritable
0010ec60 00000064 T FSFILE_Read
0010ecc4 0000006c T FSFILE_Write
0010ed30 00000044 T FSFILE_GetSize
0010ed74 00000028 T FSFILE_SetSize
0010ed9c 0000003c T FSFILE_Close
0010edd8 00000024 T FSFILE_Flush
0010edfc 00000060 T FSDIR_Read
0010ee5c 0000003c T FSDIR_Close
0010ee98 00000c70 t gspHardwareInit
0010fb08 00000280 T gspInit
0010fd88 00000110 T gspExit
0010fe98 00000010 T gspHasGpuRight
0010fea8 000000a4 T gspPresentBuffer
0010ff4c 00000030 T gspSetEventCallback
0010ff7c 00000050 T gspWaitForEvent
0010ffcc 0000004c T gspWaitForAnyEvent
00110018 00000154 t gspEventThreadMain
0011016c 0000012c T gspSubmitGxCommand
00110298 00000050 T GSPGPU_FlushDataCache
001102e8 00000034 T GSPGPU_SetLcdForceBlack
0011031c 00000080 T GSPGPU_AcquireRight
0011039c 0000005c T GSPGPU_ReleaseRight
001103f8 0000007c T GSPGPU_ImportDisplayCaptureInfo
00110474 0000002c T GSPGPU_SaveVramSysArea
001104a0 0000002c T GSPGPU_RestoreVramSysArea
001104cc 00000024 W hidShouldUseIrrst
001104f0 000001cc T hidInit
001106bc 000000e8 T hidExit
001107a4 000002a0 T hidScanInput
00110a44 00000010 T hidKeysHeld
00110a54 00000010 T hidKeysDown
00110a64 00000010 T hidKeysUp
00110a74 000001a4 T irrstInit
00110c18 000000dc T irrstExit
00110cf4 000000b4 T irrstScanInput
00110da8 00000024 T irrstKeysHeld
00110dcc 00000078 T ptmSysmInit
00110e44 0000003c T ptmSysmExit
00110e80 00000034 T PTMSYSM_ConfigureNew3DSCPU
00110eb4 000000e0 t buffer_read
00110f94 000000cc t iov_read
00111060 00000164 t iov_memmove
001111c4 000001e0 t decompress_rle
001113a4 00000264 t decompress_lzss
00111608 00000418 t decompress_lz11
00111a20 0000031c t decompress_huff.isra.0
00111d3c 00000010 T decompressCallback_Stdio
00111d4c 000000e4 T decompressHeader
00111e30 0000021c T decompressV
0011204c 00000074 T rbtree_find
001120c0 00000010 T rbtree_init
001120d0 00000198 t do_insert
00112268 00000008 T rbtree_insert
00112270 00000310 T rbtree_remove
00112580 00000090 T rbtree_rotate
00112610 000000e8 T utf16_to_utf8
001126f8 000000c0 T utf8_to_utf16
001127b8 000001e8 W __system_allocateHeaps
001129a0 00000038 W __libctru_init
001129d8 0000016c W __system_initArgv
00112b44 00000030 T __syscall_getreent
00112b74 00000064 T __syscall_gettod_r
00112bd8 00000004 T __syscall_lock_acquire
00112bdc 00000004 T __syscall_lock_release
00112be0 00000004 T __syscall_lock_acquire_recursive
00112be4 00000004 T __syscall_lock_release_recursive
00112be8 00000004 T __syscall_exit
00112bec 00000054 T initThreadVars
00112c40 00000080 T __system_initSyscalls
00112cc0 T svcControlMemory
00112ce0 T svcQueryMemory
00112d10 T svcExitProcess
00112d18 T svcCreateThread
00112d38 T svcExitThread
00112d40 T svcSleepThread
00112d48 T svcReleaseMutex
00112d50 T svcCreateEvent
00112d64 T svcSignalEvent
00112d6c T svcClearEvent
00112d74 T svcMapMemoryBlock
00112d7c T svcUnmapMemoryBlock
00112d84 T svcCreateAddressArbiter
00112d98 T svcArbitrateAddressNoTimeout
00112da0 T svcCloseHandle
00112da8 T svcWaitSynchronization
00112db0 T svcWaitSynchronizationN
00112dd8 T svcDuplicateHandle
00112dec T svcGetSystemTick
00112df4 T svcConnectToPort
00112e08 T svcSendSyncRequest
00112e10 T svcGetResourceLimit
00112e24 T svcGetResourceLimitLimitValues
00112e2c T svcGetResourceLimitCurrentValues
00112e34 T svcBreak
00112e3c T __aeabi_read_tp
00112e48 W initSystem
00112e98 W __ctru_exit
00112eac 0000008c W envGetHandle
00112f38 00000050 W envDestroyHandles
00112f88 00000164 T srvInit
001130ec 00000064 T srvExit
00113150 00000060 T srvEnableNotification
001131b0 000000a0 T srvGetServiceHandleDirect
00113250 00000048 T srvGetServiceHandle
00113298 00000034 T srvSubscribe
001132cc 00000060 T srvReceiveNotification
0011332c 00000038 T srvPublishToSubscriber
00113364 0000000c T __sync_init
00113370 00000018 T __sync_fini
00113388 00000028 T syncArbitrateAddress
001133b0 000000ac T LightLock_Lock
0011345c 00000040 T LightLock_Unlock
0011349c 00000054 T RecursiveLock_Lock
001134f0 00000054 T RecursiveLock_Unlock
00113544 00000044 T LightEvent_Init
00113588 000000b8 T LightEvent_Clear
00113640 000000dc T LightEvent_Signal
0011371c 00000050 T LightEvent_TryWait
0011376c 000000ac T LightEvent_Wait
00113818 000001fc T threadCreate
00113a14 00000038 T threadFree
00113a4c 00000024 T threadJoin
00113a70 00000030 T threadGetCurrent
00113aa0 00000040 T threadExit
00113ae0 00000020 t _thread_begin
00113b00 00000090 t mappableFindAddressWithin
00113b90 00000028 T mappableInit
00113bb8 0000007c T mappableAlloc
00113c34 00000004 T mappableFree
00113c38 0000000c T srvPmGetSessionHandle
00113c44 00000060 T rbtree_node_next
00113ca4 00000054 T decode_utf16
00113cf8 00000140 T decode_utf8
00113e38 00000054 T encode_utf16
00113e8c 000000e0 T encode_utf8
00113f6c 00000030 W __appExit
00113f9c 00000030 W __appInit
00113fcc 00000090 W __libctru_exit
0011405c 00000014 t archive_link
00114070 00000014 t archive_dirreset
00114084 00000014 t archive_chmod
00114098 00000024 t error_cmp
001140bc 00000050 t archive_translate_error
0011410c 000000c0 t archive_seek
001141cc 00000078 t _archiveInit.part.0
00114244 000000d4 t archiveFindDevice.part.0
00114318 00000298 t archive_utf16path
001145b0 00000098 t _archiveUnmountDeviceStruct.part.0
00114648 00000014 t archive_statvfs
0011465c 00000014 t archive_fchmod
00114670 00000178 t _archiveMountDevice
001147e8 000000f8 t archive_diropen
001148e0 000000ac t archive_fstat
0011498c 00000074 t archive_fsync
00114a00 00000074 t archive_close
00114a74 00000078 t archive_dirclose
00114aec 000000ec t sdmc_statvfs
00114bd8 000000f8 t archive_chdir
00114cd0 0000008c t archive_ftruncate
00114d5c 000000bc t archive_read
00114e18 000000a8 t archive_unlink
00114ec0 000000c0 t archive_rmdir
00114f80 000000d8 t archive_mkdir
00115058 000001a0 t archive_stat
001151f8 00000164 t archive_dirnext
0011535c 0000013c t archive_write
00115498 00000254 t archive_open
001156ec 00000270 t archive_rename
0011595c 000001c8 T archiveMountSdmc
00115b24 00000054 T archiveUnmountAll
00115b78 00000264 T sinf
00115ddc 00000024 t with_errnof
00115e00 0000001c T __math_invalidf
00115e20 0000025c T cosf
0011607c 0000002c T __aeabi_d2lz
0011607c 0000002c T __fixdfdi
001160a8 00000040 T __aeabi_d2ulz
001160a8 00000040 T __fixunsdfdi
001160e8 00000130 T __udivmoddi4
00116218 000000d8 T strncmp
001162f0 00000140 T strchr
00116430 00000144 T _fclose_r
00116574 00000020 T fclose
00116594 00000060 t sulp
001165f8 00001428 T _strtod_l
00117a20 00000048 T strtod
00117a68 0000008c T strlen
00117af4 000000f4 t rshift
00117be8 000008b4 T __gethex
0011849c 000000d8 T memcmp
00118574 0000001c t stdio_exit_handler
00118590 0000005c t cleanup_stdio
001185ec 00000154 t global_stdio_init.part.0
00118740 00000138 T __sfp
00118878 0000005c T __sinit
001188d4 0000000c T __sfp_lock_acquire
001188e0 0000000c T __sfp_lock_release
001188ec 000001ec t _strtoul_l.isra.0
00118ad8 0000003c T strtoul
00118b14 00000084 T __libc_init_array
00118b98 0000009c T strncat
00118c34 00000070 T _fwalk_sglue
00118ca4 00000078 T bsearch
00118d1c 0000000c T __errno
00118d28 00000028 T calloc
00118d50 000000e0 T _puts_r
00118e30 00000020 T puts
00118e50 000000d8 T _calloc_r
00118f28 00000028 T realloc
00118f50 00000020 T strdup
00118f70 0000001c T _fseek_r
00118f8c 00000034 T fseek
00118fc0 00000028 T memalign
00118fe8 0000082c T _malloc_r
00119814 00000114 T _malloc_trim_r
00119928 00000314 T _free_r
00119c3c 00000034 T printf
00119c70 00000384 t _strtol_l.part.0
00119ff4 00000074 T strtol
0011a068 0000003c T strnlen
0011a0a4 00000040 T malloc
0011a0e4 00000020 T free
0011a104 0000022c T __sflush_r
0011a330 000000c4 T _fflush_r
0011a3f4 00000048 T time
0011a43c 000000e4 T memset
0011a520 000004f0 T _realloc_r
0011aa10 00000054 T _strdup_r
0011aa64 00000334 T _fread_r
0011ad98 00000038 T fread
0011add0 0000000c T __malloc_lock
0011addc 0000000c T __malloc_unlock
0011ade8 00000004 W __call_exitprocs
0011adec 00000030 T exit
0011ae1c 00000294 T setvbuf
0011b0b0 00000134 T _fopen_r
0011b1e4 00000028 T fopen
0011b20c 000000d4 T strncpy
0011b2e0 00000034 T ftell
0011b314 0000012c T memcpy
0011b440 00000028 T _wcsrtombs_r
0011b468 00000070 T __match
0011b4d8 000002a8 T __hexnan
0011b780 00000010 T nan
0011b790 00000088 T frexp
0011b818 000004a4 T __sfvwrite_r
0011bcbc 00000044 T __sread
0011bd00 00000068 T __swrite
0011bd68 00000040 T __sseek
0011bda8 00000008 T __sclose
0011bdb0 0000016c T memmove
0011bf1c 0000005c T __assert_func
0011bf78 00000088 T _Balloc
0011c000 0000001c T _Bfree
0011c01c 000000f4 T __multadd
0011c110 0000010c T __s2b
0011c21c 00000080 T __hi0bits
0011c29c 000000f0 T __lo0bits
0011c38c 000000a4 T __i2b
0011c430 00000230 T __multiply
0011c660 00000130 T __pow5mult
0011c790 00000138 T __lshift
0011c8c8 00000058 T __mcmp
0011c920 00000218 T __mdiff
0011cb38 00000068 T __ulp
0011cba0 000000d4 T __b2d
0011cc74 00000120 T __d2b
0011cd94 00000078 T __ratio
0011ce0c 0000008c T __copybits
0011ce98 0000005c T __any_on
0011cef4 00000024 T __locale_mb_cur_max
0011cf18 0000003c T fiprintf
0011cf54 0000016c T _memalign_r
0011d0c0 0000015c T _wcsnrtombs_l
0011d21c 00000064 T _wcsnrtombs_r
0011d280 00000340 T __utf8_mbtowc
0011d5c0 00000588 T _fseeko_r
0011db48 00000014 T abort
0011db5c 00000024 T _localeconv_r
0011db80 000005e0 t get_arg
0011e160 00003554 T _vfprintf_r
001216b4 000000b4 t __sbprintf
00121768 000000e8 T memchr
00121850 000001c0 t quorem
00121a10 00001420 T _dtoa_r
00122e30 000000a0 T _wcrtomb_r
00122ed0 000000b8 T __sflags
00122f88 0000003c T __libc_fini_array
00122fc4 00000038 t lflush
00122ffc 000001a8 T __srefill_r
001231a4 00000164 T __smakebuf_r
00123308 00000090 T __swhatbuf_r
00123398 000001c4 T _ftello_r
0012355c 000000f8 T __utf8_wctomb
00123654 00000140 T __swsetup_r
00123794 0000009c T _raise_r
00123830 00000020 T raise
00123850 000005e0 t get_arg
00123e30 000022f8 T _vfiprintf_r
00126128 000000b4 t __sbprintf
001261dc 00000030 T __sprint_r
0012620c 00000020 T _exit
0012622c 00000140 T chdir
0012636c 000001c8 T _concatenate_path
00126534 0000009c T _fstat_r
001265d0 00000014 T _getpid_r
001265e4 0000002c T __getreent
00126610 00000030 T _gettimeofday_r
00126640 000000a0 T __release_handle
001266e0 000000b0 T __alloc_handle
00126790 00000058 T __get_handle
001267e8 00000110 T _close_r
001268f8 00000008 t null_write
00126900 00000018 T setDefaultDevice
00126918 000000c4 T FindDevice
001269dc 00000028 T RemoveDevice
00126a04 00000098 T AddDevice
00126a9c 00000020 T GetDeviceOpTab
00126abc 00000008 T _isatty_r
00126ac4 00000014 T _kill_r
00126ad8 00000094 T _lseek_r
00126b6c 000000c0 T _open_r
00126c2c 00000094 T _read_r
00126cc0 00000078 W _sbrk_r
00126d38 0000001c T __libc_lock_acquire
00126d54 0000001c T __libc_lock_release
00126d70 0000001c T __libc_lock_acquire_recursive
00126d8c 0000001c T __libc_lock_release_recursive
00126da8 00000094 T _write_r
00126e3c 00000048 T strrchr
00126e84 T _fini
001275c0 r .LC2
00127638 00000008 r s_defaultTint.0
00127640 R render2d_shbin
001277cc R render2d_shbin_end
001277cc R render2d_shbin_size
001277d0 00000004 r depthFmtSizes
001277d4 00000005 r colorFmtSizes
001277dc 00000010 r CSWTCH.11
001277ec 00000038 r CSWTCH.19
00127990 00000080 r dotab_stdout
00127a10 00000018 r grayScale
00127a28 00000006 r colorCube
00127a30 00000030 r colorTable
00127a60 00000080 r romFS_devoptab
00127b08 00000008 r morton_y.2
00127b10 00000008 r morton_x.3
00127b18 00000008 r s_sleepWakeEvents.4
00127b20 0000000c r serviceNameTable.5
00127b50 R default_font_bin
00128350 R default_font_bin_end
00128350 00000030 r error_table
00128380 00000080 r archive_devoptab
00128400 00000060 R __inv_pio4
00128460 000000e0 R __sincosf_table
001285a4 00000014 r fpinan.0
001285b8 00000014 r fpi.1
001285d0 00000028 r tinytens
001285f8 00000100 R __hexdig
001286f8 00000101 R _ctype_
001287fc 0000006c R __action_table
00128868 0000006c R __state_table
001288d4 00000100 R __chclass
001289d4 0000000c r p05.0
001289e0 00000028 R __mprec_bigtens
00128a08 000000c8 R __mprec_tens
00128bf8 00000010 r zeroes.0
00128c08 00000010 r blanks.1
00128d0c 00000010 r zeroes.0
00128d1c 00000010 r blanks.1
00128d2c 00000080 R dotab_stdnull
00128dac R __tdata_align
00128db0 r __EH_FRAME_BEGIN__
00128db0 R __exidx_end
00128db0 R __exidx_start
00129000 0000000c d global_hooks
0012900c 00000004 D CurrentRoom
00129010 00000004 D cam_w
00129014 00000004 D cam_h
00129018 00000008 d framerateCounter
00129020 00000004 d framerate
00129024 00000001 d firstConsoleInit.0
00129028 00000004 D currentConsole
0012902c 00000048 D defaultConsole
00129074 00000004 d queueLock
00129078 00000004 d aptChainloadDeliverArgSize
0012907c 00000004 d kCount
00129080 00000004 d kInterval
00129084 00000004 d kDelay
00129088 W __stacksize__
0012908c 0000000c D __sglue
00129098 00000004 D __malloc_sbrk_base
0012909c 00000004 D __malloc_trim_threshold
001290a0 00000408 D __malloc_av_
001294a8 00000004 D _impure_ptr
001294b0 00000140 D _impure_data
001295f0 0000016c D __global_locale
0012975c 00000400 d _current_working_directory
00129b60 00001000 d handles
0012ab60 0000000c d __stderr_handle
0012ab6c 0000000c d __stdout_handle
0012ab78 0000000c d __stdin_handle
0012ab84 0000008c D devoptab_list
0012ac10 00000004 d defaultDevice
0012ac1c d _GLOBAL_OFFSET_TABLE_
0012ac28 d __frame_dummy_init_array_entry
0012ac28 D __init_array_start
0012ac28 B __preinit_array_end
0012ac28 B __preinit_array_start
0012ac28 D __tdata_lma
0012ac28 D __tdata_lma_end
0012ac2c d __do_global_dtors_aux_fini_array_entry
0012ac2c D __fini_array_start
0012ac2c D __init_array_end
0012ac30 D __bss_start__
0012ac30 D __fini_array_end
0012ac30 00000008 b global_error
0012ac38 0000000f b version.0
0012ac48 00000004 b root
0012ac4c 00000004 b create_cursor.2
0012ac50 000003e8 b did_create.1
0012b038 00000004 b step_cursor.0
0012b03c 00000004 B SpriteCount
0012b040 000003e8 b sprite_is_object
0012b428 00000004 B spriteSheet
0012b42c 00000fa0 B sprite_object_id
0012c3cc 00000004 B g_keysDown
0012c3d0 00000004 B g_keysHeld
0012c3d4 00000004 B g_keysUp
0012c3d8 00000004 B cam_y
0012c3dc 00000004 B cam_x
0012c3e0 00009c40 B sprites
00136020 b completed.1
00136024 b object.0
00136040 000005a8 B __C2Di_Context
001365e8 00000040 b s_projBot
00136628 00000040 b s_projTop
00136668 00000004 b uLoc_mdlvMtx
0013666c 00000004 b uLoc_projMtx
00136670 0000000c b hookCookie
00136680 000002d0 B __C3D_Context
00136950 00000004 b frameEndCbData
00136954 00000004 b frameEndCb
00136958 00000008 b frameCounter
00136960 00000001 b isTopStereo
00136961 00000001 b needSwapBot
00136962 00000001 b needSwapTop
00136963 00000001 b measureGpuTime
00136964 00000001 b inSafeTransfer
00136965 00000001 b inFrame
00136968 00000010 b cpuTime
00136978 00000010 b gpuTime
00136988 0000000c b linkedTarget
00136994 00000004 b lastTarget
00136998 00000004 b firstTarget
0013699c 00000008 b C3Di_IVUnifEverDirty
001369a4 000000c0 b C3Di_FVUnifEverDirty
00136a64 00000018 b C3Di_ShaderFVecData
00136a7c 00000002 B C3D_BoolUnifsDirty
00136a80 00000008 B C3D_IVUnifDirty
00136a88 000000c0 B C3D_FVUnifDirty
00136b48 00000004 B C3D_BoolUnifs
00136b4c 00000020 B C3D_IVUnif
00136b6c 00000c00 B C3D_FVUnif
00137770 00000008 b sLinearPool
00137778 0000000c b sAddrMap
00137788 00000008 b sVramPoolB
00137790 00000008 b sVramPoolA
00137798 0000000c b sAddrMap
001377a4 00000064 b escapeSeq
00137808 00000048 B currentCopy
00137850 00000004 b screenAlloc
00137854 00000004 b screenFree
00137858 00000002 b gfxIsDoubleBuf
0013785c 00000002 b gfxCurBuf
0013785e 00000001 b gfxIsVram
0013785f 00000001 b gfxTopMode
00137860 00000002 b gfxFramebufferFormats
00137864 00000004 b gfxBottomFramebufferMaxSize
00137868 00000004 b gfxTopFramebufferMaxSize
00137870 00000008 b gfxBottomFramebuffers
00137878 00000008 b gfxTopFramebuffers
00137880 00000001 V __ctru_speedup
00137884 00000004 b romfs_mount_list
00137888 00000004 V __romfs_path
0013788c 00000004 B gpuCmdBufOffset
00137890 00000004 B gpuCmdBufSize
00137894 00000004 B gpuCmdBuf
00137898 00000004 b boundQueue
0013789c 00000001 b shouldStop
0013789d 00000001 b isRunning
0013789e 00000001 b isActive
001378a0 00000004 b curQueue
001378a4 00000001 b flagValue.0
001378a5 00000001 b flagInit.1
001378a8 00000004 b serviceName.6
001378ac 00000001 b aptChainloadFlags
001378ad 00000001 b aptChainloadMediatype
001378b0 00000020 b aptChainloadHmac
001378d0 00000300 b aptChainloadDeliverArg
00137bd0 00000008 b aptChainloadTid
00137bd8 00001000 b aptParameters
00138bd8 00000004 b aptFlags
00138bdc 00000001 b aptHomeButtonState
00138be0 00000004 b aptMessageFuncData
00138be4 00000004 b aptMessageFunc
00138be8 0000000c b aptFirstHook
00138bf4 00000001 b aptEventHandlerThreadQuit
00138bf8 00000004 b aptEventHandlerThread
00138bfc 00000008 b aptSleepEvent
00138c04 00000008 b aptReceiveEvent
00138c0c 00000008 b aptEvents
00138c14 00000004 b aptLockHandle
00138c18 00000004 b aptRefCount
00138c20 00000080 b fsExemptArchives
00138ca0 00000004 b fsuRefCount
00138ca4 00000004 b fsuHandle
00138ca8 00000007 b gspEventCbOneShot
00138cb0 0000001c b gspEventCbData
00138ccc 0000001c b gspEventCb
00138ce8 00000038 b gspEvents
00138d20 00000004 b gspLastEvent
00138d24 00000001 b gspRunEvents
00138d28 00000004 b gspEventThread
00138d2c 00000004 b gspEvent
00138d30 00000001 b gspGpuRight
00138d31 00000001 b gspThreadId
00138d34 00000004 b gspSharedMem
00138d38 00000004 b gspSharedMemHandle
00138d3c 00000004 b gspRefCount
00138d40 00000004 b gspGpuHandle
00138d44 00000001 b usingIrrst
00138d48 00000004 b hidRefCount
00138d4c 00000006 b gRate
00138d54 00000006 b aVec
00138d5c 00000004 b cPos
00138d60 00000004 b tPos
00138d64 00000004 b kRepeat
00138d68 00000004 b kUp
00138d6c 00000004 b kDown
00138d70 00000004 b kHeld
00138d74 00000004 b kOld
00138d78 00000004 B hidSharedMem
00138d7c 00000014 B hidEvents
00138d90 00000004 B hidMemHandle
00138d94 00000004 B hidHandle
00138d98 00000004 b irrstRefCount
00138d9c 00000004 b csPos
00138da0 00000004 b kHeld
00138da4 00000004 B irrstSharedMem
00138da8 00000004 B irrstEvent
00138dac 00000004 B irrstMemHandle
00138db0 00000004 B irrstHandle
00138db4 00000004 b ptmSysmRefCount
00138db8 00000004 b ptmSysmHandle
00138dbc 00000004 V __ctru_linear_heap_size
00138dc0 00000004 V __ctru_heap_size
00138dc4 00000004 B __ctru_linear_heap
00138dc8 00000004 B __ctru_heap
00138dcc 00000004 B __system_retAddr
00138dd0 00000004 B __system_argv
00138dd4 00000004 B __system_argc
00138dd8 b saved_stack
00138de0 00000004 B __3dslink_host
00138de4 00000004 b srvRefCount
00138de8 00000004 b srvHandle
00138dec 00000004 b arbiter
00138df0 00000004 b currentAddr
00138df4 00000004 b maxAddr
00138df8 00000004 b minAddr
00138dfc 00000004 b srvPmHandle
00138e00 000005c0 b archive_devices
001393c0 00000004 b archive_device_cwd
001393c4 00000001 b archive_initialized
001393c8 0000000c b __sfp_recursive_mutex
001393d8 00000168 B __sf
00139540 00000004 B __stdio_exit_handler
00139544 00000028 B __malloc_current_mallinfo
0013956c 00000004 B __malloc_max_total_mem
00139570 00000004 B __malloc_max_sbrked_mem
00139574 00000004 B __malloc_top_pad
00139578 0000000c b __malloc_recursive_mutex
00139584 00000400 b temp_cwd
00139984 00000004 b __hndl_lock
00139988 00000004 B fake_heap_start
0013998c 00000004 B fake_heap_end
00139990 00000004 b heap_start.0
00139994 B __tls_start
0013a59c B __bss_end__
0013a59c A __end__
0013a59c B __tls_end
