         w __deregister_frame_info
         w __register_frame_info
         w userAppExit
         w userAppInit
00000000 00000802 B __ctru_dev_utf16_buf
00000000 A __sync_synchronize
00000000 b _TLS_MODULE_BASE_
00000000 a shift
00000000 a shift
00000804 00000401 B __ctru_dev_path_buf
00100000 A __start__
00100000 T _start
00100008 T __service_ptr
0010000c T __apt_appid
00100010 T __heap_size
00100014 T __linear_heap_size
00100018 T __system_arglist
0010001c T __system_runflags
00100020 t startup
00100058 t ClearMem
0010006c t ClrLoop
00100094 T _init
001000ac t .udivsi3_skip_div0_test
001000ac T __aeabi_uidiv
001000ac 000001ec T __udivsi3
00100298 00000020 T __aeabi_uidivmod
001002b8 T __aeabi_idiv
001002b8 00000220 T __divsi3
001002c0 t .divsi3_skip_div0_test
001004d8 00000020 T __aeabi_idivmod
001004f8 00000004 W __aeabi_idiv0
001004f8 00000004 W __aeabi_ldiv0
001004fc T __aeabi_drsub
00100504 000002b0 T __aeabi_dsub
00100504 000002b0 T __subdf3
00100508 000002ac T __adddf3
00100508 000002ac T __aeabi_dadd
001007b4 00000024 T __aeabi_ui2d
001007b4 00000024 T __floatunsidf
001007d8 00000028 T __aeabi_i2d
001007d8 00000028 T __floatsidf
00100800 00000048 T __aeabi_f2d
00100800 00000048 T __extendsfdf2
00100848 00000074 T __aeabi_ul2d
00100848 00000074 T __floatundidf
0010085c 00000060 T __aeabi_l2d
0010085c 00000060 T __floatdidf
001008bc T __aeabi_ldivmod
00100990 T __aeabi_uldivmod
001009e8 00000390 T strcmp
00100d70 t __do_global_dtors_aux
00100dc0 t frame_dummy
00100dec 00000070 t parse_hex4
00100e5c 000003a4 t parse_string
00101200 0000006c t buffer_skip_whitespace
0010126c 000000e4 t get_object_item
00101350 000000ac T cJSON_Delete
00101400 00000568 t parse_value
00101968 000001dc T cJSON_ParseWithLengthOpts
00101b44 0000002c T cJSON_Parse
00101b70 00000008 T cJSON_GetObjectItem
00101b78 00000008 T cJSON_GetObjectItemCaseSensitive
00101b80 000000a0 T cJSON_CreateString
00101c20 00000018 T cJSON_IsString
00101c38 00000018 T cJSON_IsArray
00101c50 000000e8 T scr_renderframe_3DS
00101d38 000000e0 T scr_drawroom_assets_3DS
00101e18 0000001c T gamepad_button_check_pressed
00101e34 0000001c T gamepad_button_check
00101e50 0000001c T gamepad_button_check_released
00101e6c 000000e8 t input_convertstring
00101f54 000007b4 t runner_interpret_xy
00102708 00000010 T GML_SetRoot
00102718 000000cc T RunGML_create
001027e4 000000ec T RunGML_step
001028d0 000000f4 T RunGML
001029c4 00000130 t GetCurrentRoomSize
00102af4 00000040 t GetFirstRoomName
00102b34 00000090 T GetSpriteNumberByName
00102bc4 00000130 T GetCurrentRoomBgColor_3DS
00102cf4 00000030 T runner_sprite_is_object
00102d24 000005a8 T InitCurrentRoom
001032cc 000002b8 T main
00103584 00000008 T is_running3DS
0010358c 00000008 T is_runningWiiU
00103594 00000044 t C2Di_FrameEndHook
001035d8 0000036c T C2D_Init
00103944 0000004c T C2D_Fini
00103990 000000b8 T C2D_Prepare
00103a48 00000048 T C2D_Flush
00103a90 00000104 T C2D_SceneSize
00103b94 00000058 T C2D_ViewReset
00103bec 0000003c T C2D_ViewTranslate
00103c28 00000038 T C2D_ViewScale
00103c60 00000058 T C2D_CreateScreenTarget
00103cb8 00000064 T C2D_TargetClear
00103d1c 0000013c T C2Di_CalcQuad
00103e58 00000058 T C2Di_AppendQuad
00103eb0 00000550 T C2Di_Update
00104400 000002b0 T C2D_DrawImage
001046b0 0000006c T C2D_SpriteSheetLoadFromHandle
0010471c 00000048 T C2D_SpriteSheetLoad
00104764 00000028 T C2D_SpriteSheetFree
0010478c 0000002c T C2D_SpriteSheetGetImage
001047b8 00000028 T AttrInfo_Init
001047e0 00000094 T AttrInfo_AddLoader
00104874 00000054 T C3D_SetAttrInfo
001048c8 00000080 T C3Di_AttrInfoBind
00104948 00000004 W C3Di_LightEnvUpdate
0010494c 00000004 W C3Di_LightEnvDirty
00104950 000000b4 t C3Di_AptEventHook
00104a04 00000004 W C3Di_GasUpdate
00104a08 000001d0 T C3D_Init
00104bd8 00000098 T C3D_SetViewport
00104c70 000004e8 T C3Di_UpdateContext
00105158 000000e0 T C3Di_SplitFrame
00105238 00000044 T C3D_Fini
0010527c 00000194 T C3D_BindProgram
00105410 00000024 T BufInfo_Init
00105434 00000080 T BufInfo_Add
001054b4 0000003c T C3D_SetBufInfo
001054f0 00000048 T C3Di_BufInfoBind
00105538 0000021c T C3D_DrawElements
00105754 00000040 T C3D_DepthMap
00105794 0000001c T C3D_CullFace
001057b0 00000040 T C3D_StencilTest
001057f0 00000024 T C3D_StencilOp
00105814 0000001c T C3D_BlendingColor
00105830 00000024 T C3D_EarlyDepthTest
00105854 0000002c T C3D_DepthTest
00105880 0000002c T C3D_AlphaTest
001058ac 00000050 T C3D_AlphaBlend
001058fc 00000030 T C3D_FragOpMode
0010592c 00000044 T C3D_FragOpShadow
00105970 000001ac T C3Di_EffectBind
00105b1c 0000001c T C3D_CalcColorBufSize
00105b38 0000001c T C3D_CalcDepthBufSize
00105b54 00000044 T C3D_SetFrameBuf
00105b98 0000016c T C3Di_FrameBufBind
00105d04 000000c8 T C3D_FrameBufClear
00105dcc 00000044 T C3D_FrameBufTransfer
00105e10 000000a8 T C3D_ImmSendAttrib
00105eb8 00000070 T C3D_ProcTexInit
00105f28 00000054 T C3D_ProcTexBind
00105f7c 0000005c T C3D_ProcTexLutBind
00105fd8 000000a4 T ProcTexLut_FromArray
0010607c 00000178 T C3Di_ProcTexUpdate
001061f4 00000068 T C3Di_ProcTexDirty
0010625c 0000004c t onVBlank0
001062a8 0000004c t onVBlank1
001062f4 00000080 t C3Di_RenderTargetDestroy
00106374 000000f4 t onQueueFinish
00106468 00000038 T C3Di_RenderQueueEnableVBlank
001064a0 00000030 T C3Di_RenderQueueDisableVBlank
001064d0 00000060 T C3Di_RenderQueueInit
00106530 000000b4 T C3Di_RenderQueueExit
001065e4 00000034 T C3Di_RenderQueueWaitDone
00106618 000000e8 T C3D_FrameBegin
00106700 00000048 T C3D_FrameDrawOn
00106748 00000058 T C3D_FrameSplit
001067a0 000001d0 T C3D_FrameEnd
00106970 0000001c T C3D_FrameEndHook
0010698c 00000170 T C3D_RenderTargetCreate
00106afc 000000a8 T C3D_RenderTargetSetOutput
00106ba4 000000fc T C3D_SyncTextureCopy
00106ca0 000003d8 t Tex3DSi_ImportCommon
00107078 00000038 T Tex3DS_TextureImportStdio
001070b0 0000001c T Tex3DS_GetSubTexture
001070cc 00000004 T Tex3DS_TextureFree
001070d0 00000034 T C3D_GetTexEnv
00107104 00000024 T C3Di_TexEnvBind
00107128 00000290 T C3D_TexInitWithParams
001073b8 000000c8 T C3D_TexLoadImage
00107480 00000044 T C3D_TexBind
001074c4 00000074 T C3D_TexDelete
00107538 0000014c T C3Di_SetTex
00107684 00000290 T C3D_UpdateUniforms
00107914 000000c0 T C3Di_DirtyUniforms
001079d4 000000d8 T C3Di_LoadShaderUniforms
00107aac 00000028 T C3Di_ClearShaderUniforms
00107ad4 000000cc T Mtx_Ortho
00107ba0 000000cc T Mtx_OrthoTilt
00107c6c 00000038 T Mtx_Scale
00107ca4 000000a4 T Mtx_Translate
00107d48 00000024 t addrMapNodeComparator(rbtree_node const*, rbtree_node const*)
00107d6c 00000004 t addrMapNodeDestructor(rbtree_node*)
00107d70 0000012c T linearMemAlign
00107e9c 00000008 T linearAlloc
00107ea4 0000005c T linearFree
00107f00 00000088 T MemPool::CoalesceRight(MemBlock*)
00107f88 00000178 T MemPool::Allocate(MemChunk&, unsigned long, int)
00108100 00000118 T MemPool::Deallocate(MemChunk const&)
00108218 00000030 T MemPool::GetFreeSpace()
00108248 00000024 t addrMapNodeComparator(rbtree_node const*, rbtree_node const*)
0010826c 00000004 t addrMapNodeDestructor(rbtree_node*)
00108270 00000248 T vramMemAlignAt
001084b8 0000000c T vramAlloc
001084c4 0000000c T vramAllocAt
001084d0 00000094 T vramFree
00108564 000001c8 T consoleDrawChar
0010872c 00000170 T consolePrintChar
0010889c 00000c40 T con_write
001094dc 00000110 t newRow
001095ec 00000180 T consoleInit
0010976c 000000cc t gfxPresentFramebuffer
00109838 0000001c T gfxIsWide
00109854 000000f8 T gfxSetScreenFormat
0010994c 00000010 T gfxSetDoubleBuffering
0010995c 000000d8 T gfxInit
00109a34 00000010 T gfxInitDefault
00109a44 000000b8 T gfxExit
00109afc 000000a0 T gfxGetFramebuffer
00109b9c 00000100 T gfxFlushBuffers
00109c9c 00000028 T gfxScreenSwapBuffers
00109cc4 00000050 T gfxSwapBuffersGpu
00109d14 00000074 T osConvertVirtToPhys
00109d88 00000054 T osGetTimeRef
00109ddc 000000ec T osGetTime
00109ec8 00000034 T __ctru_speedup_config
00109efc 00000008 t romfs_close
00109f04 000000ac t romfs_seek
00109fb0 00000024 t romfs_dirreset
00109fd4 000000c0 t fill_dir
0010a094 000002ac t romfs_dirnext
0010a340 00000074 t romfs_free
0010a3b4 000000d0 t searchForFile.constprop.0
0010a484 000000d4 t searchForDir.constprop.0
0010a558 000001c0 t navigateToDir.constprop.0
0010a718 00000114 t romfs_open
0010a82c 0000004c t romfs_chdir
0010a878 00000068 t romfs_diropen
0010a8e0 00000178 t romfs_stat
0010aa58 00000008 t romfs_dirclose
0010aa60 0000007c t romfs_fstat
0010aadc 000000d0 t romfs_read
0010abac 0000028c T romfsMountFromFile
0010ae38 00000098 T romfsMountFromCurrentProcess
0010aed0 00000258 T romfsMountSelf
0010b128 000000a0 T romfsUnmount
0010b1c8 0000013c T GPUCMD_Add
0010b304 000000b0 T GPUCMD_Split
0010b3b4 00000034 T f32tof16
0010b3e8 00000034 T f32tof24
0010b41c 00000038 T f32tof31
0010b454 00000010 T GX_BindQueue
0010b464 0000007c T GX_ProcessCommandList
0010b4e0 00000074 T GX_MemoryFill
0010b554 00000074 T GX_DisplayTransfer
0010b5c8 00000078 T GX_TextureCopy
0010b640 00000064 t gxCmdQueueDoCommands.part.0
0010b6a4 000000e4 T gxCmdQueueInterrupt
0010b788 00000068 T gxCmdQueueClear
0010b7f0 00000108 T gxCmdQueueAdd
0010b8f8 00000080 T gxCmdQueueRun
0010b978 00000064 T gxCmdQueueStop
0010b9dc 0000008c T gxCmdQueueWait
0010ba68 000001e0 T shaderInstanceInit
0010bc48 00000018 T shaderInstanceGetUniformLocation
0010bc60 0000001c T shaderProgramInit
0010bc7c 00000074 T shaderProgramFree
0010bcf0 00000094 T shaderProgramSetVsh
0010bd84 000008d0 T shaderProgramConfigure
0010c654 000001dc t DVLE_GenerateOutmap.part.0
0010c830 000001ac T DVLB_ParseFile
0010c9dc 00000050 T DVLB_Free
0010ca2c 00000074 T DVLE_GetUniformRegister
0010caa0 00000008 W aptDspSleep
0010caa8 00000004 W aptDspWakeup
0010caac 00000004 W aptDspCancel
0010cab0 00000138 T aptSendCommand
0010cbe8 00000044 t aptExitProcess
0010cc2c 00000394 T aptExit
0010cfc0 00000034 T aptHook
0010cff4 00000030 T aptUnhook
0010d024 00000084 T APT_SleepIfShellClosed
0010d0a8 00000084 T APT_UnlockTransition
0010d130 00000470 t aptEventHandler
0010d5a0 000000bc T APT_ReceiveParameter
0010d65c 000000b0 t aptReceiveParameter.constprop.0
0010d70c 000002d0 t aptWaitForWakeUp.isra.0
0010d9dc 00000240 T aptInit
0010dc1c 00000090 T APT_CheckNew3DS
0010dcac 00000104 T fsInit
0010ddb0 0000003c T fsExit
0010ddec 00000068 T fsExemptFromSession
0010de54 00000050 T fsUnexemptFromSession
0010dea4 000000cc T FSUSER_OpenFile
0010df70 000000cc T FSUSER_OpenFileDirectly
0010e03c 000000b8 T FSUSER_DeleteFile
0010e0f4 000000f4 T FSUSER_RenameFile
0010e1e8 000000b8 T FSUSER_DeleteDirectory
0010e2a0 000000d0 T FSUSER_CreateFile
0010e370 000000c0 T FSUSER_CreateDirectory
0010e430 000000f4 T FSUSER_RenameDirectory
0010e524 000000b4 T FSUSER_OpenDirectory
0010e5d8 00000090 T FSUSER_OpenArchive
0010e668 0000008c T FSUSER_CloseArchive
0010e6f4 00000074 T FSUSER_GetSdmcArchiveResource
0010e768 00000064 T FSUSER_IsSdmcWritable
0010e7cc 00000064 T FSFILE_Read
0010e830 0000006c T FSFILE_Write
0010e89c 00000044 T FSFILE_GetSize
0010e8e0 00000028 T FSFILE_SetSize
0010e908 0000003c T FSFILE_Close
0010e944 00000024 T FSFILE_Flush
0010e968 00000060 T FSDIR_Read
0010e9c8 0000003c T FSDIR_Close
0010ea04 00000c70 t gspHardwareInit
0010f674 00000280 T gspInit
0010f8f4 00000110 T gspExit
0010fa04 00000010 T gspHasGpuRight
0010fa14 000000a4 T gspPresentBuffer
0010fab8 00000030 T gspSetEventCallback
0010fae8 00000050 T gspWaitForEvent
0010fb38 0000004c T gspWaitForAnyEvent
0010fb84 00000154 t gspEventThreadMain
0010fcd8 0000012c T gspSubmitGxCommand
0010fe04 00000050 T GSPGPU_FlushDataCache
0010fe54 00000034 T GSPGPU_SetLcdForceBlack
0010fe88 00000080 T GSPGPU_AcquireRight
0010ff08 0000002c T GSPGPU_RestoreVramSysArea
0010ff34 00000024 W hidShouldUseIrrst
0010ff58 000001cc T hidInit
00110124 000000e8 T hidExit
0011020c 000002a0 T hidScanInput
001104ac 00000010 T hidKeysHeld
001104bc 00000010 T hidKeysDown
001104cc 00000010 T hidKeysUp
001104dc 000001a4 T irrstInit
00110680 000000dc T irrstExit
0011075c 000000b4 T irrstScanInput
00110810 00000024 T irrstKeysHeld
00110834 00000078 T ptmSysmInit
001108ac 0000003c T ptmSysmExit
001108e8 00000034 T PTMSYSM_ConfigureNew3DSCPU
0011091c 000000e0 t buffer_read
001109fc 000000cc t iov_read
00110ac8 00000164 t iov_memmove
00110c2c 000001e0 t decompress_rle
00110e0c 00000264 t decompress_lzss
00111070 00000418 t decompress_lz11
00111488 0000031c t decompress_huff.isra.0
001117a4 00000010 T decompressCallback_Stdio
001117b4 000000e4 T decompressHeader
00111898 0000021c T decompressV
00111ab4 00000074 T rbtree_find
00111b28 00000010 T rbtree_init
00111b38 00000198 t do_insert
00111cd0 00000008 T rbtree_insert
00111cd8 00000310 T rbtree_remove
00111fe8 00000090 T rbtree_rotate
00112078 000000e8 T utf16_to_utf8
00112160 000000c0 T utf8_to_utf16
00112220 000001e8 W __system_allocateHeaps
00112408 00000038 W __libctru_init
00112440 0000016c W __system_initArgv
001125ac 00000030 T __syscall_getreent
001125dc 00000064 T __syscall_gettod_r
00112640 00000004 T __syscall_lock_acquire
00112644 00000004 T __syscall_lock_release
00112648 00000004 T __syscall_lock_acquire_recursive
0011264c 00000004 T __syscall_lock_release_recursive
00112650 00000004 T __syscall_exit
00112654 00000054 T initThreadVars
001126a8 00000080 T __system_initSyscalls
00112728 T svcControlMemory
00112748 T svcQueryMemory
00112778 T svcExitProcess
00112780 T svcCreateThread
001127a0 T svcExitThread
001127a8 T svcSleepThread
001127b0 T svcReleaseMutex
001127b8 T svcCreateEvent
001127cc T svcSignalEvent
001127d4 T svcClearEvent
001127dc T svcMapMemoryBlock
001127e4 T svcUnmapMemoryBlock
001127ec T svcCreateAddressArbiter
00112800 T svcArbitrateAddressNoTimeout
00112808 T svcCloseHandle
00112810 T svcWaitSynchronization
00112818 T svcWaitSynchronizationN
00112840 T svcDuplicateHandle
00112854 T svcGetSystemTick
0011285c T svcConnectToPort
00112870 T svcSendSyncRequest
00112878 T svcGetResourceLimit
0011288c T svcGetResourceLimitLimitValues
00112894 T svcGetResourceLimitCurrentValues
0011289c T svcBreak
001128a4 T __aeabi_read_tp
001128b0 W initSystem
00112900 W __ctru_exit
00112914 0000008c W envGetHandle
001129a0 00000050 W envDestroyHandles
001129f0 00000164 T srvInit
00112b54 00000064 T srvExit
00112bb8 00000060 T srvEnableNotification
00112c18 000000a0 T srvGetServiceHandleDirect
00112cb8 00000048 T srvGetServiceHandle
00112d00 00000034 T srvSubscribe
00112d34 00000060 T srvReceiveNotification
00112d94 00000038 T srvPublishToSubscriber
00112dcc 0000000c T __sync_init
00112dd8 00000018 T __sync_fini
00112df0 00000028 T syncArbitrateAddress
00112e18 000000ac T LightLock_Lock
00112ec4 00000040 T LightLock_Unlock
00112f04 00000054 T RecursiveLock_Lock
00112f58 00000054 T RecursiveLock_Unlock
00112fac 00000044 T LightEvent_Init
00112ff0 000000b8 T LightEvent_Clear
001130a8 000000dc T LightEvent_Signal
00113184 00000050 T LightEvent_TryWait
001131d4 000000ac T LightEvent_Wait
00113280 000001fc T threadCreate
0011347c 00000038 T threadFree
001134b4 00000024 T threadJoin
001134d8 00000030 T threadGetCurrent
00113508 00000040 T threadExit
00113548 00000020 t _thread_begin
00113568 00000090 t mappableFindAddressWithin
001135f8 00000028 T mappableInit
00113620 0000007c T mappableAlloc
0011369c 00000004 T mappableFree
001136a0 0000000c T srvPmGetSessionHandle
001136ac 00000060 T rbtree_node_next
0011370c 00000054 T decode_utf16
00113760 00000140 T decode_utf8
001138a0 00000054 T encode_utf16
001138f4 000000e0 T encode_utf8
001139d4 00000030 W __appExit
00113a04 00000030 W __appInit
00113a34 00000090 W __libctru_exit
00113ac4 00000014 t archive_link
00113ad8 00000014 t archive_dirreset
00113aec 00000014 t archive_chmod
00113b00 00000024 t error_cmp
00113b24 00000050 t archive_translate_error
00113b74 000000c0 t archive_seek
00113c34 00000078 t _archiveInit.part.0
00113cac 000000d4 t archiveFindDevice.part.0
00113d80 00000298 t archive_utf16path
00114018 00000098 t _archiveUnmountDeviceStruct.part.0
001140b0 00000014 t archive_statvfs
001140c4 00000014 t archive_fchmod
001140d8 00000178 t _archiveMountDevice
00114250 000000f8 t archive_diropen
00114348 000000ac t archive_fstat
001143f4 00000074 t archive_fsync
00114468 00000074 t archive_close
001144dc 00000078 t archive_dirclose
00114554 000000ec t sdmc_statvfs
00114640 000000f8 t archive_chdir
00114738 0000008c t archive_ftruncate
001147c4 000000bc t archive_read
00114880 000000a8 t archive_unlink
00114928 000000c0 t archive_rmdir
001149e8 000000d8 t archive_mkdir
00114ac0 000001a0 t archive_stat
00114c60 00000164 t archive_dirnext
00114dc4 0000013c t archive_write
00114f00 00000254 t archive_open
00115154 00000270 t archive_rename
001153c4 000001c8 T archiveMountSdmc
0011558c 00000054 T archiveUnmountAll
001155e0 00000264 T sinf
00115844 00000024 t with_errnof
00115868 0000001c T __math_invalidf
00115888 0000025c T cosf
00115ae4 0000002c T __aeabi_d2lz
00115ae4 0000002c T __fixdfdi
00115b10 00000040 T __aeabi_d2ulz
00115b10 00000040 T __fixunsdfdi
00115b50 00000130 T __udivmoddi4
00115c80 000000d8 T strncmp
00115d58 00000140 T strchr
00115e98 00000144 T _fclose_r
00115fdc 00000020 T fclose
00115ffc 00000060 t sulp
00116060 00001428 T _strtod_l
00117488 00000048 T strtod
001174d0 0000008c T strlen
0011755c 000000f4 t rshift
00117650 000008b4 T __gethex
00117f04 000000d8 T memcmp
00117fdc 0000001c t stdio_exit_handler
00117ff8 0000005c t cleanup_stdio
00118054 00000154 t global_stdio_init.part.0
001181a8 00000138 T __sfp
001182e0 0000005c T __sinit
0011833c 0000000c T __sfp_lock_acquire
00118348 0000000c T __sfp_lock_release
00118354 000001ec t _strtoul_l.isra.0
00118540 0000003c T strtoul
0011857c 00000084 T __libc_init_array
00118600 0000009c T strncat
0011869c 00000070 T _fwalk_sglue
0011870c 00000078 T bsearch
00118784 0000000c T __errno
00118790 00000028 T calloc
001187b8 000000e0 T _puts_r
00118898 00000020 T puts
001188b8 000000d8 T _calloc_r
00118990 00000028 T realloc
001189b8 00000020 T strdup
001189d8 0000001c T _fseek_r
001189f4 00000034 T fseek
00118a28 00000028 T memalign
00118a50 0000082c T _malloc_r
0011927c 00000114 T _malloc_trim_r
00119390 00000314 T _free_r
001196a4 00000034 T printf
001196d8 00000384 t _strtol_l.part.0
00119a5c 00000074 T strtol
00119ad0 0000003c T strnlen
00119b0c 00000040 T malloc
00119b4c 00000020 T free
00119b6c 0000022c T __sflush_r
00119d98 000000c4 T _fflush_r
00119e5c 00000048 T time
00119ea4 000000e4 T memset
00119f88 000004f0 T _realloc_r
0011a478 00000054 T _strdup_r
0011a4cc 00000334 T _fread_r
0011a800 00000038 T fread
0011a838 0000000c T __malloc_lock
0011a844 0000000c T __malloc_unlock
0011a850 00000004 W __call_exitprocs
0011a854 00000030 T exit
0011a884 00000294 T setvbuf
0011ab18 00000134 T _fopen_r
0011ac4c 00000028 T fopen
0011ac74 000000d4 T strncpy
0011ad48 00000034 T ftell
0011ad7c 0000012c T memcpy
0011aea8 00000028 T _wcsrtombs_r
0011aed0 00000070 T __match
0011af40 000002a8 T __hexnan
0011b1e8 00000010 T nan
0011b1f8 00000088 T frexp
0011b280 000004a4 T __sfvwrite_r
0011b724 00000044 T __sread
0011b768 00000068 T __swrite
0011b7d0 00000040 T __sseek
0011b810 00000008 T __sclose
0011b818 0000016c T memmove
0011b984 0000005c T __assert_func
0011b9e0 00000088 T _Balloc
0011ba68 0000001c T _Bfree
0011ba84 000000f4 T __multadd
0011bb78 0000010c T __s2b
0011bc84 00000080 T __hi0bits
0011bd04 000000f0 T __lo0bits
0011bdf4 000000a4 T __i2b
0011be98 00000230 T __multiply
0011c0c8 00000130 T __pow5mult
0011c1f8 00000138 T __lshift
0011c330 00000058 T __mcmp
0011c388 00000218 T __mdiff
0011c5a0 00000068 T __ulp
0011c608 000000d4 T __b2d
0011c6dc 00000120 T __d2b
0011c7fc 00000078 T __ratio
0011c874 0000008c T __copybits
0011c900 0000005c T __any_on
0011c95c 00000024 T __locale_mb_cur_max
0011c980 0000003c T fiprintf
0011c9bc 0000016c T _memalign_r
0011cb28 0000015c T _wcsnrtombs_l
0011cc84 00000064 T _wcsnrtombs_r
0011cce8 00000340 T __utf8_mbtowc
0011d028 00000588 T _fseeko_r
0011d5b0 00000014 T abort
0011d5c4 00000024 T _localeconv_r
0011d5e8 000005e0 t get_arg
0011dbc8 00003554 T _vfprintf_r
0012111c 000000b4 t __sbprintf
001211d0 000000e8 T memchr
001212b8 000001c0 t quorem
00121478 00001420 T _dtoa_r
00122898 000000a0 T _wcrtomb_r
00122938 000000b8 T __sflags
001229f0 0000003c T __libc_fini_array
00122a2c 00000038 t lflush
00122a64 000001a8 T __srefill_r
00122c0c 00000164 T __smakebuf_r
00122d70 00000090 T __swhatbuf_r
00122e00 000001c4 T _ftello_r
00122fc4 000000f8 T __utf8_wctomb
001230bc 00000140 T __swsetup_r
001231fc 0000009c T _raise_r
00123298 00000020 T raise
001232b8 000005e0 t get_arg
00123898 000022f8 T _vfiprintf_r
00125b90 000000b4 t __sbprintf
00125c44 00000030 T __sprint_r
00125c74 00000020 T _exit
00125c94 00000140 T chdir
00125dd4 000001c8 T _concatenate_path
00125f9c 0000009c T _fstat_r
00126038 00000014 T _getpid_r
0012604c 0000002c T __getreent
00126078 00000030 T _gettimeofday_r
001260a8 000000a0 T __release_handle
00126148 000000b0 T __alloc_handle
001261f8 00000058 T __get_handle
00126250 00000110 T _close_r
00126360 00000008 t null_write
00126368 00000018 T setDefaultDevice
00126380 000000c4 T FindDevice
00126444 00000028 T RemoveDevice
0012646c 00000098 T AddDevice
00126504 00000020 T GetDeviceOpTab
00126524 00000008 T _isatty_r
0012652c 00000014 T _kill_r
00126540 00000094 T _lseek_r
001265d4 000000c0 T _open_r
00126694 00000094 T _read_r
00126728 00000078 W _sbrk_r
001267a0 0000001c T __libc_lock_acquire
001267bc 0000001c T __libc_lock_release
001267d8 0000001c T __libc_lock_acquire_recursive
001267f4 0000001c T __libc_lock_release_recursive
00126810 00000094 T _write_r
001268a4 00000048 T strrchr
001268ec T _fini
001275ec r .LC2
00127664 00000008 r s_defaultTint.0
0012766c R render2d_shbin
001277f8 R render2d_shbin_end
001277f8 R render2d_shbin_size
001277fc 00000004 r depthFmtSizes
00127800 00000005 r colorFmtSizes
00127808 00000010 r CSWTCH.11
00127818 00000038 r CSWTCH.19
001279bc 00000080 r dotab_stdout
00127a3c 00000018 r grayScale
00127a54 00000006 r colorCube
00127a5c 00000030 r colorTable
00127a8c 00000080 r romFS_devoptab
00127b34 00000008 r s_sleepWakeEvents.4
00127b3c 0000000c r serviceNameTable.5
00127b6c R default_font_bin
0012836c R default_font_bin_end
0012836c 00000030 r error_table
0012839c 00000080 r archive_devoptab
0012841c 00000060 R __inv_pio4
00128480 000000e0 R __sincosf_table
001285c4 00000014 r fpinan.0
001285d8 00000014 r fpi.1
001285f0 00000028 r tinytens
00128618 00000100 R __hexdig
00128718 00000101 R _ctype_
0012881c 0000006c R __action_table
00128888 0000006c R __state_table
001288f4 00000100 R __chclass
001289f4 0000000c r p05.0
00128a00 00000028 R __mprec_bigtens
00128a28 000000c8 R __mprec_tens
00128c18 00000010 r zeroes.0
00128c28 00000010 r blanks.1
00128d2c 00000010 r zeroes.0
00128d3c 00000010 r blanks.1
00128d4c 00000080 R dotab_stdnull
00128dcc R __tdata_align
00128dd0 r __EH_FRAME_BEGIN__
00128dd0 R __exidx_end
00128dd0 R __exidx_start
00129000 0000000c d global_hooks
0012900c 00000004 D CurrentRoom
00129010 00000004 D data_json
00129014 00000004 D cam_w
00129018 00000004 D cam_h
0012901c 00000008 d framerateCounter
00129024 00000004 d framerate
00129028 00000001 d firstConsoleInit.0
0012902c 00000004 D currentConsole
00129030 00000048 D defaultConsole
00129078 00000004 d queueLock
0012907c 00000004 d aptChainloadDeliverArgSize
00129080 00000004 d kCount
00129084 00000004 d kInterval
00129088 00000004 d kDelay
0012908c W __stacksize__
00129090 0000000c D __sglue
0012909c 00000004 D __malloc_sbrk_base
001290a0 00000004 D __malloc_trim_threshold
001290a8 00000408 D __malloc_av_
001294b0 00000004 D _impure_ptr
001294b8 00000140 D _impure_data
001295f8 0000016c D __global_locale
00129764 00000400 d _current_working_directory
00129b68 00001000 d handles
0012ab68 0000000c d __stderr_handle
0012ab74 0000000c d __stdout_handle
0012ab80 0000000c d __stdin_handle
0012ab8c 0000008c D devoptab_list
0012ac18 00000004 d defaultDevice
0012ac24 d _GLOBAL_OFFSET_TABLE_
0012ac30 d __frame_dummy_init_array_entry
0012ac30 D __init_array_start
0012ac30 B __preinit_array_end
0012ac30 B __preinit_array_start
0012ac30 D __tdata_lma
0012ac30 D __tdata_lma_end
0012ac34 d __do_global_dtors_aux_fini_array_entry
0012ac34 D __fini_array_start
0012ac34 D __init_array_end
0012ac38 D __bss_start__
0012ac38 D __fini_array_end
0012ac38 00000008 b global_error
0012ac40 0000000f b version.0
0012ac50 00000004 b root
0012ac54 00000004 b create_cursor.3
0012ac58 000003e8 b did_create.2
0012b040 00000004 b step_cursor.1
0012b044 000003e8 b ran_this_frame.0
0012b42c 00000004 B SpriteCount
0012b430 000003e8 b sprite_is_object
0012b818 00000fa0 B sprite_object_id
0012c7b8 00000004 B spriteSheet
0012c7bc 00000004 B g_keysDown
0012c7c0 00000004 B g_keysHeld
0012c7c4 00000004 B g_keysUp
0012c7c8 00000004 B cam_y
0012c7cc 00000004 B cam_x
0012c7d0 00009c40 B sprites
00136410 b completed.1
00136414 b object.0
00136430 000005a8 B __C2Di_Context
001369d8 00000040 b s_projBot
00136a18 00000040 b s_projTop
00136a58 00000004 b uLoc_mdlvMtx
00136a5c 00000004 b uLoc_projMtx
00136a60 0000000c b hookCookie
00136a70 000002d0 B __C3D_Context
00136d40 00000004 b frameEndCbData
00136d44 00000004 b frameEndCb
00136d48 00000008 b frameCounter
00136d50 00000001 b isTopStereo
00136d51 00000001 b needSwapBot
00136d52 00000001 b needSwapTop
00136d53 00000001 b measureGpuTime
00136d54 00000001 b inSafeTransfer
00136d55 00000001 b inFrame
00136d58 00000010 b cpuTime
00136d68 00000010 b gpuTime
00136d78 0000000c b linkedTarget
00136d84 00000004 b lastTarget
00136d88 00000004 b firstTarget
00136d8c 00000008 b C3Di_IVUnifEverDirty
00136d94 000000c0 b C3Di_FVUnifEverDirty
00136e54 00000018 b C3Di_ShaderFVecData
00136e6c 00000002 B C3D_BoolUnifsDirty
00136e70 00000008 B C3D_IVUnifDirty
00136e78 000000c0 B C3D_FVUnifDirty
00136f38 00000004 B C3D_BoolUnifs
00136f3c 00000020 B C3D_IVUnif
00136f5c 00000c00 B C3D_FVUnif
00137b60 00000008 b sLinearPool
00137b68 0000000c b sAddrMap
00137b78 00000008 b sVramPoolB
00137b80 00000008 b sVramPoolA
00137b88 0000000c b sAddrMap
00137b94 00000064 b escapeSeq
00137bf8 00000048 B currentCopy
00137c40 00000004 b screenAlloc
00137c44 00000004 b screenFree
00137c48 00000002 b gfxIsDoubleBuf
00137c4c 00000002 b gfxCurBuf
00137c4e 00000001 b gfxIsVram
00137c4f 00000001 b gfxTopMode
00137c50 00000002 b gfxFramebufferFormats
00137c54 00000004 b gfxBottomFramebufferMaxSize
00137c58 00000004 b gfxTopFramebufferMaxSize
00137c60 00000008 b gfxBottomFramebuffers
00137c68 00000008 b gfxTopFramebuffers
00137c70 00000001 V __ctru_speedup
00137c74 00000004 b romfs_mount_list
00137c78 00000004 V __romfs_path
00137c7c 00000004 B gpuCmdBufOffset
00137c80 00000004 B gpuCmdBufSize
00137c84 00000004 B gpuCmdBuf
00137c88 00000004 b boundQueue
00137c8c 00000001 b shouldStop
00137c8d 00000001 b isRunning
00137c8e 00000001 b isActive
00137c90 00000004 b curQueue
00137c94 00000001 b flagValue.0
00137c95 00000001 b flagInit.1
00137c98 00000004 b serviceName.6
00137c9c 00000001 b aptChainloadFlags
00137c9d 00000001 b aptChainloadMediatype
00137ca0 00000020 b aptChainloadHmac
00137cc0 00000300 b aptChainloadDeliverArg
00137fc0 00000008 b aptChainloadTid
00137fc8 00001000 b aptParameters
00138fc8 00000004 b aptFlags
00138fcc 00000001 b aptHomeButtonState
00138fd0 00000004 b aptMessageFuncData
00138fd4 00000004 b aptMessageFunc
00138fd8 0000000c b aptFirstHook
00138fe4 00000001 b aptEventHandlerThreadQuit
00138fe8 00000004 b aptEventHandlerThread
00138fec 00000008 b aptSleepEvent
00138ff4 00000008 b aptReceiveEvent
00138ffc 00000008 b aptEvents
00139004 00000004 b aptLockHandle
00139008 00000004 b aptRefCount
00139010 00000080 b fsExemptArchives
00139090 00000004 b fsuRefCount
00139094 00000004 b fsuHandle
00139098 00000007 b gspEventCbOneShot
001390a0 0000001c b gspEventCbData
001390bc 0000001c b gspEventCb
001390d8 00000038 b gspEvents
00139110 00000004 b gspLastEvent
00139114 00000001 b gspRunEvents
00139118 00000004 b gspEventThread
0013911c 00000004 b gspEvent
00139120 00000001 b gspGpuRight
00139121 00000001 b gspThreadId
00139124 00000004 b gspSharedMem
00139128 00000004 b gspSharedMemHandle
0013912c 00000004 b gspRefCount
00139130 00000004 b gspGpuHandle
00139134 00000001 b usingIrrst
00139138 00000004 b hidRefCount
0013913c 00000006 b gRate
00139144 00000006 b aVec
0013914c 00000004 b cPos
00139150 00000004 b tPos
00139154 00000004 b kRepeat
00139158 00000004 b kUp
0013915c 00000004 b kDown
00139160 00000004 b kHeld
00139164 00000004 b kOld
00139168 00000004 B hidSharedMem
0013916c 00000014 B hidEvents
00139180 00000004 B hidMemHandle
00139184 00000004 B hidHandle
00139188 00000004 b irrstRefCount
0013918c 00000004 b csPos
00139190 00000004 b kHeld
00139194 00000004 B irrstSharedMem
00139198 00000004 B irrstEvent
0013919c 00000004 B irrstMemHandle
001391a0 00000004 B irrstHandle
001391a4 00000004 b ptmSysmRefCount
001391a8 00000004 b ptmSysmHandle
001391ac 00000004 V __ctru_linear_heap_size
001391b0 00000004 V __ctru_heap_size
001391b4 00000004 B __ctru_linear_heap
001391b8 00000004 B __ctru_heap
001391bc 00000004 B __system_retAddr
001391c0 00000004 B __system_argv
001391c4 00000004 B __system_argc
001391c8 b saved_stack
001391d0 00000004 B __3dslink_host
001391d4 00000004 b srvRefCount
001391d8 00000004 b srvHandle
001391dc 00000004 b arbiter
001391e0 00000004 b currentAddr
001391e4 00000004 b maxAddr
001391e8 00000004 b minAddr
001391ec 00000004 b srvPmHandle
001391f0 000005c0 b archive_devices
001397b0 00000004 b archive_device_cwd
001397b4 00000001 b archive_initialized
001397b8 0000000c b __sfp_recursive_mutex
001397c8 00000168 B __sf
00139930 00000004 B __stdio_exit_handler
00139934 00000028 B __malloc_current_mallinfo
0013995c 00000004 B __malloc_max_total_mem
00139960 00000004 B __malloc_max_sbrked_mem
00139964 00000004 B __malloc_top_pad
00139968 0000000c b __malloc_recursive_mutex
00139974 00000400 b temp_cwd
00139d74 00000004 b __hndl_lock
00139d78 00000004 B fake_heap_start
00139d7c 00000004 B fake_heap_end
00139d80 00000004 b heap_start.0
00139d84 B __tls_start
0013a98c B __bss_end__
0013a98c A __end__
0013a98c B __tls_end
